# JRE version: OpenJDK Runtime Environment (8.0_292-b10) (build 1.8.0_292-b10)
# Java VM: OpenJDK 64-Bit Server VM (25.292-b10 mixed mode windows-amd64 compressed oops)
Heap:
 PSYoungGen      total 54784K, used 445K [0x00000000f5580000, 0x00000000fbe80000, 0x0000000100000000)
  eden space 44544K, 1% used [0x00000000f5580000,0x00000000f55ef5c8,0x00000000f8100000)
  from space 10240K, 0% used [0x00000000f8100000,0x00000000f8100000,0x00000000f8b00000)
  to   space 9728K, 0% used [0x00000000fb500000,0x00000000fb500000,0x00000000fbe80000)
 ParOldGen       total 349696K, used 321003K [0x00000000e0000000, 0x00000000f5580000, 0x00000000f5580000)
  object space 349696K, 91% used [0x00000000e0000000,0x00000000f397ad40,0x00000000f5580000)
 Metaspace       used 34798K, capacity 35053K, committed 35584K, reserved 1081344K
  class space    used 4406K, capacity 4482K, committed 4608K, reserved 1048576K
GC Heap History (10 events):
Event: 598.277 GC heap before
{Heap before GC invocations=26 (full 11):
 PSYoungGen      total 50176K, used 961K [0x00000000f5580000, 0x00000000f8b80000, 0x0000000100000000)
  eden space 45056K, 2% used [0x00000000f5580000,0x00000000f5670790,0x00000000f8180000)
  from space 5120K, 0% used [0x00000000f8680000,0x00000000f8680000,0x00000000f8b80000)
  to   space 5120K, 0% used [0x00000000f8180000,0x00000000f8180000,0x00000000f8680000)
 ParOldGen       total 349696K, used 322423K [0x00000000e0000000, 0x00000000f5580000, 0x00000000f5580000)
  object space 349696K, 92% used [0x00000000e0000000,0x00000000f3addc70,0x00000000f5580000)
 Metaspace       used 34800K, capacity 35059K, committed 35584K, reserved 1081344K
  class space    used 4406K, capacity 4483K, committed 4608K, reserved 1048576K
Event: 598.279 GC heap after
Heap after GC invocations=26 (full 11):
 PSYoungGen      total 49152K, used 256K [0x00000000f5580000, 0x00000000f9580000, 0x0000000100000000)
  eden space 44032K, 0% used [0x00000000f5580000,0x00000000f5580000,0x00000000f8080000)
  from space 5120K, 5% used [0x00000000f8180000,0x00000000f81c0000,0x00000000f8680000)
  to   space 10752K, 0% used [0x00000000f8b00000,0x00000000f8b00000,0x00000000f9580000)
 ParOldGen       total 349696K, used 322423K [0x00000000e0000000, 0x00000000f5580000, 0x00000000f5580000)
  object space 349696K, 92% used [0x00000000e0000000,0x00000000f3addc70,0x00000000f5580000)
 Metaspace       used 34800K, capacity 35059K, committed 35584K, reserved 1081344K
  class space    used 4406K, capacity 4483K, committed 4608K, reserved 1048576K
}
Event: 598.279 GC heap before
{Heap before GC invocations=27 (full 11):
 PSYoungGen      total 49152K, used 256K [0x00000000f5580000, 0x00000000f9580000, 0x0000000100000000)
  eden space 44032K, 0% used [0x00000000f5580000,0x00000000f5580000,0x00000000f8080000)
  from space 5120K, 5% used [0x00000000f8180000,0x00000000f81c0000,0x00000000f8680000)
  to   space 10752K, 0% used [0x00000000f8b00000,0x00000000f8b00000,0x00000000f9580000)
 ParOldGen       total 349696K, used 322423K [0x00000000e0000000, 0x00000000f5580000, 0x00000000f5580000)
  object space 349696K, 92% used [0x00000000e0000000,0x00000000f3addc70,0x00000000f5580000)
 Metaspace       used 34800K, capacity 35059K, committed 35584K, reserved 1081344K
  class space    used 4406K, capacity 4483K, committed 4608K, reserved 1048576K
Event: 598.281 GC heap after
Heap after GC invocations=27 (full 11):
 PSYoungGen      total 55296K, used 224K [0x00000000f5580000, 0x00000000fbe80000, 0x0000000100000000)
  eden space 44544K, 0% used [0x00000000f5580000,0x00000000f5580000,0x00000000f8100000)
  from space 10752K, 2% used [0x00000000f8b00000,0x00000000f8b38000,0x00000000f9580000)
  to   space 10240K, 0% used [0x00000000f8100000,0x00000000f8100000,0x00000000f8b00000)
 ParOldGen       total 349696K, used 322423K [0x00000000e0000000, 0x00000000f5580000, 0x00000000f5580000)
  object space 349696K, 92% used [0x00000000e0000000,0x00000000f3addc70,0x00000000f5580000)
 Metaspace       used 34800K, capacity 35059K, committed 35584K, reserved 1081344K
  class space    used 4406K, capacity 4483K, committed 4608K, reserved 1048576K
}
Event: 598.281 GC heap before
{Heap before GC invocations=28 (full 12):
 PSYoungGen      total 55296K, used 224K [0x00000000f5580000, 0x00000000fbe80000, 0x0000000100000000)
  eden space 44544K, 0% used [0x00000000f5580000,0x00000000f5580000,0x00000000f8100000)
  from space 10752K, 2% used [0x00000000f8b00000,0x00000000f8b38000,0x00000000f9580000)
  to   space 10240K, 0% used [0x00000000f8100000,0x00000000f8100000,0x00000000f8b00000)
 ParOldGen       total 349696K, used 322423K [0x00000000e0000000, 0x00000000f5580000, 0x00000000f5580000)
  object space 349696K, 92% used [0x00000000e0000000,0x00000000f3addc70,0x00000000f5580000)
 Metaspace       used 34800K, capacity 35059K, committed 35584K, reserved 1081344K
  class space    used 4406K, capacity 4483K, committed 4608K, reserved 1048576K
Event: 598.380 GC heap after
Heap after GC invocations=28 (full 12):
 PSYoungGen      total 55296K, used 0K [0x00000000f5580000, 0x00000000fbe80000, 0x0000000100000000)
  eden space 44544K, 0% used [0x00000000f5580000,0x00000000f5580000,0x00000000f8100000)
  from space 10752K, 0% used [0x00000000f8b00000,0x00000000f8b00000,0x00000000f9580000)
  to   space 10240K, 0% used [0x00000000f8100000,0x00000000f8100000,0x00000000f8b00000)
 ParOldGen       total 349696K, used 322445K [0x00000000e0000000, 0x00000000f5580000, 0x00000000f5580000)
  object space 349696K, 92% used [0x00000000e0000000,0x00000000f3ae37f0,0x00000000f5580000)
 Metaspace       used 34800K, capacity 35059K, committed 35584K, reserved 1081344K
  class space    used 4406K, capacity 4483K, committed 4608K, reserved 1048576K
}
Event: 598.380 GC heap before
{Heap before GC invocations=29 (full 12):
 PSYoungGen      total 55296K, used 0K [0x00000000f5580000, 0x00000000fbe80000, 0x0000000100000000)
  eden space 44544K, 0% used [0x00000000f5580000,0x00000000f5580000,0x00000000f8100000)
  from space 10752K, 0% used [0x00000000f8b00000,0x00000000f8b00000,0x00000000f9580000)
  to   space 10240K, 0% used [0x00000000f8100000,0x00000000f8100000,0x00000000f8b00000)
 ParOldGen       total 349696K, used 322445K [0x00000000e0000000, 0x00000000f5580000, 0x00000000f5580000)
  object space 349696K, 92% used [0x00000000e0000000,0x00000000f3ae37f0,0x00000000f5580000)
 Metaspace       used 34800K, capacity 35059K, committed 35584K, reserved 1081344K
  class space    used 4406K, capacity 4483K, committed 4608K, reserved 1048576K
Event: 598.381 GC heap after
Heap after GC invocations=29 (full 12):
 PSYoungGen      total 54784K, used 0K [0x00000000f5580000, 0x00000000fbe80000, 0x0000000100000000)
  eden space 44544K, 0% used [0x00000000f5580000,0x00000000f5580000,0x00000000f8100000)
  from space 10240K, 0% used [0x00000000f8100000,0x00000000f8100000,0x00000000f8b00000)
  to   space 9728K, 0% used [0x00000000fb500000,0x00000000fb500000,0x00000000fbe80000)
 ParOldGen       total 349696K, used 322445K [0x00000000e0000000, 0x00000000f5580000, 0x00000000f5580000)
  object space 349696K, 92% used [0x00000000e0000000,0x00000000f3ae37f0,0x00000000f5580000)
 Metaspace       used 34800K, capacity 35059K, committed 35584K, reserved 1081344K
  class space    used 4406K, capacity 4483K, committed 4608K, reserved 1048576K
}
Event: 598.381 GC heap before
{Heap before GC invocations=30 (full 13):
 PSYoungGen      total 54784K, used 0K [0x00000000f5580000, 0x00000000fbe80000, 0x0000000100000000)
  eden space 44544K, 0% used [0x00000000f5580000,0x00000000f5580000,0x00000000f8100000)
  from space 10240K, 0% used [0x00000000f8100000,0x00000000f8100000,0x00000000f8b00000)
  to   space 9728K, 0% used [0x00000000fb500000,0x00000000fb500000,0x00000000fbe80000)
 ParOldGen       total 349696K, used 322445K [0x00000000e0000000, 0x00000000f5580000, 0x00000000f5580000)
  object space 349696K, 92% used [0x00000000e0000000,0x00000000f3ae37f0,0x00000000f5580000)
 Metaspace       used 34800K, capacity 35059K, committed 35584K, reserved 1081344K
  class space    used 4406K, capacity 4483K, committed 4608K, reserved 1048576K
Event: 598.494 GC heap after
Heap after GC invocations=30 (full 13):
 PSYoungGen      total 54784K, used 0K [0x00000000f5580000, 0x00000000fbe80000, 0x0000000100000000)
  eden space 44544K, 0% used [0x00000000f5580000,0x00000000f5580000,0x00000000f8100000)
  from space 10240K, 0% used [0x00000000f8100000,0x00000000f8100000,0x00000000f8b00000)
  to   space 9728K, 0% used [0x00000000fb500000,0x00000000fb500000,0x00000000fbe80000)
 ParOldGen       total 349696K, used 321003K [0x00000000e0000000, 0x00000000f5580000, 0x00000000f5580000)
  object space 349696K, 91% used [0x00000000e0000000,0x00000000f397ad40,0x00000000f5580000)
 Metaspace       used 34798K, capacity 35053K, committed 35584K, reserved 1081344K
  class space    used 4406K, capacity 4482K, committed 4608K, reserved 1048576K
}

